   3.23523   3.59579   2.53319   1.73218   3.52271   2.48343   2.24779   2.46576   1.12994   2.17475   1.87724   2.60456   2.06444   2.30923   2.18214   2.72713
   1.12994   2.17475   1.87724   2.60456   2.06444   2.30923   2.18214   2.72713   1.13482   2.17544   1.87804   2.60536   2.06527   2.31001   2.18278   2.72815
   1.12994   2.17475   1.87724   2.60456   2.06444   2.30923   2.18214   2.72713   2.91194   2.80678   3.64676   2.49719   3.54644   3.12625   3.09935   3.20597
   3.38179   3.48794   3.91175   3.04998   3.56974   3.78134   3.16261   2.54266   3.35176   3.48768   3.91175   3.04998   3.56974   3.78134   3.16233   2.51407
   1.12994   2.17475   1.87724   2.60456   2.06444   2.30923   2.18214   2.72713   3.38179   3.48794   3.91175   3.04998   3.56974   3.78134   3.16261   2.54266
   2.91194   2.80678   3.64676   2.49719   3.54644   3.12625   3.09935   3.20597   2.93169   2.80725   3.64677   2.49719   3.54645   3.12626   3.09985   3.22675
   3.38179   3.48794   3.91175   3.04998   3.56974   3.78134   3.16261   2.54266   3.73870   2.39797   2.78243   3.20013   1.98304   1.52740   3.16162   2.34081
   3.73870   2.39797   2.78243   3.20013   1.98304   1.52740   3.16162   2.34081   3.72517   2.40540   2.78905   3.21188   1.98804   1.52398   3.17526   2.31778
   3.42910   3.72339   2.69251   1.82572   3.63545   2.59881   2.36589   2.58617   1.12417   2.17714   1.87966   2.60690   2.06628   2.31154   2.18480   2.73709
   1.12417   2.17714   1.87966   2.60690   2.06628   2.31154   2.18480   2.73709   1.12865   2.17722   1.87987   2.60711   2.06652   2.31174   2.18486   2.73766
   1.12417   2.17714   1.87966   2.60690   2.06628   2.31154   2.18480   2.73709   2.92284   2.80730   3.64678   2.49720   3.54645   3.12627   3.09993   3.21816
   3.39134   3.48849   3.91176   3.04998   3.56974   3.78134   3.16310   2.54879   3.36126   3.48822   3.91176   3.04998   3.56974   3.78134   3.16282   2.52017
   1.12417   2.17714   1.87966   2.60690   2.06628   2.31154   2.18480   2.73709   3.39134   3.48849   3.91176   3.04998   3.56974   3.78134   3.16310   2.54879
   2.92284   2.80730   3.64678   2.49720   3.54645   3.12627   3.09993   3.21816   2.94261   2.80777   3.64679   2.49720   3.54646   3.12628   3.10043   3.23895
   3.39134   3.48849   3.91176   3.04998   3.56974   3.78134   3.16310   2.54879   3.77413   2.40613   2.78797   3.21814   1.98527   1.50731   3.18331   2.33981
   3.77413   2.40613   2.78797   3.21814   1.98527   1.50731   3.18331   2.33981   3.75272   2.40887   2.79033   3.22304   1.98690   1.50486   3.18908   2.31385



   2.46290   2.87068   2.91665   2.80972   2.41893   2.81906   2.91138   2.88690   1.80783   3.46657   3.35909   3.25367   1.31416   3.33954   3.32656   3.24316
   1.80783   3.46657   3.35909   3.25367   1.31416   3.33954   3.32656   3.24316   1.20726   3.49400   3.49017   3.37355   1.32823   3.05169   3.53403   1.22859
   1.80783   3.46657   3.35909   3.25367   1.31416   3.33954   3.32656   3.24316   3.89049   3.09156   3.40936   1.28164   2.86762   2.93142   1.93349   1.52158
   1.71711   2.96060   2.87488   1.33294   3.44823   3.37005   2.87960   1.30645   3.50741   3.42088   2.97098   1.36662   3.24131   2.96870   3.40052   1.38620
   1.80783   3.46657   3.35909   3.25367   1.31416   3.33954   3.32656   3.24316   1.71711   2.96060   2.87488   1.33294   3.44823   3.37005   2.87960   1.30645
   3.89049   3.09156   3.40936   1.28164   2.86762   2.93142   1.93349   1.52158   3.45933   2.95572   3.25805   1.35321   2.86508   2.77636   1.54807   3.63975
   1.71711   2.96060   2.87488   1.33294   3.44823   3.37005   2.87960   1.30645   2.32877   2.94869   1.04161   3.77727   3.20539   1.72135   3.09042   1.56236
   2.32877   2.94869   1.04161   3.77727   3.20539   1.72135   3.09042   1.56236   3.51256   3.00626   1.64837   3.41364   3.20057   2.47694   3.02205   3.03950
   2.63687   1.36793   2.81356   1.19490   2.97494   3.31110   3.41283   3.38032   2.09373   3.08214   3.20602   2.85388   1.55029   2.61001   1.37198   2.99152
   2.09373   3.08214   3.20602   2.85388   1.55029   2.61001   1.37198   2.99152   1.28188   2.95467   3.05682   2.81849   1.42864   3.11372   3.65704   1.99012
   2.09373   3.08214   3.20602   2.85388   1.55029   2.61001   1.37198   2.99152   3.89289   3.09194   3.40327   1.28174   2.85921   2.92007   1.85198   1.54679
   1.73429   2.94789   2.90042   1.38878   3.27642   2.98403   3.18578   1.20983   3.49231   3.39946   2.99462   1.38396   3.24816   2.97710   3.39122   1.48343
   2.09373   3.08214   3.20602   2.85388   1.55029   2.61001   1.37198   2.99152   1.73429   2.94789   2.90042   1.38878   3.27642   2.98403   3.18578   1.20983
   3.89289   3.09194   3.40327   1.28174   2.85921   2.92007   1.85198   1.54679   3.46416   2.95724   3.26143   1.34789   2.86590   2.78372   1.55257   3.65218
   1.73429   2.94789   2.90042   1.38878   3.27642   2.98403   3.18578   1.20983   2.33080   2.88009   1.06174   3.71575   3.19911   1.72239   3.08492   1.56109
   2.33080   2.88009   1.06174   3.71575   3.19911   1.72239   3.08492   1.56109   3.51425   3.00224   1.62627   3.41443   3.19694   2.42218   3.00802   2.98091



   2.46448   2.86767   2.91092   2.80158   2.41022   2.83067   2.91507   2.88570   1.81804   3.46560   3.35326   3.24280   1.28672   3.36045   3.32353   3.23571
   1.81804   3.46560   3.35326   3.24280   1.28672   3.36045   3.32353   3.23571   1.21057   3.49490   3.49211   3.38120   1.35400   2.98346   3.45869   1.68076
   1.81804   3.46560   3.35326   3.24280   1.28672   3.36045   3.32353   3.23571   3.93065   3.09339   3.28938   1.35659   2.90887   2.95224   1.96284   1.50166
   1.71257   2.95687   2.86052   1.31808   3.47955   3.40444   2.88672   1.31244   3.50606   3.41975   2.96959   1.36206   3.25306   2.98404   3.36554   1.50445
   1.81804   3.46560   3.35326   3.24280   1.28672   3.36045   3.32353   3.23571   1.71257   2.95687   2.86052   1.31808   3.47955   3.40444   2.88672   1.31244
   3.93065   3.09339   3.28938   1.35659   2.90887   2.95224   1.96284   1.50166   3.45541   2.96205   3.26741   1.36647   2.86546   2.77929   1.21703   3.64684
   1.71257   2.95687   2.86052   1.31808   3.47955   3.40444   2.88672   1.31244   1.56530   2.55279   1.72247   3.38166   3.04777   1.75904   3.11697   1.56090
   1.56530   2.55279   1.72247   3.38166   3.04777   1.75904   3.11697   1.56090   3.50986   3.03425   1.68483   3.39425   3.05166   1.73691   3.22406   1.91695
   2.62248   1.47554   2.57658   1.42029   2.98970   3.32787   3.42452   3.38693   1.77402   3.01998   3.10254   2.87934   1.53707   2.61181   1.36913   2.99189
   1.77402   3.01998   3.10254   2.87934   1.53707   2.61181   1.36913   2.99189   1.27430   2.96881   3.08616   2.86679   1.50889   2.86497   3.05938   2.00691
   1.77402   3.01998   3.10254   2.87934   1.53707   2.61181   1.36913   2.99189   3.92617   3.09392   3.29224   1.35551   2.89927   2.93892   1.85000   1.53605
   1.73857   2.94769   2.89830   1.38533   3.27808   2.98327   3.18690   1.20863   3.49454   3.40263   2.99215   1.37384   3.26369   2.98962   3.34573   1.49657
   1.77402   3.01998   3.10254   2.87934   1.53707   2.61181   1.36913   2.99189   1.73857   2.94769   2.89830   1.38533   3.27808   2.98327   3.18690   1.20863
   3.92617   3.09392   3.29224   1.35551   2.89927   2.93892   1.85000   1.53605   3.46418   2.96463   3.26936   1.36492   2.86591   2.77941   1.21756   3.64506
   1.73857   2.94769   2.89830   1.38533   3.27808   2.98327   3.18690   1.20863   1.63917   2.54257   1.73664   3.38443   3.05079   1.76441   3.11013   1.56194
   1.63917   2.54257   1.73664   3.38443   3.05079   1.76441   3.11013   1.56194   3.51090   3.03425   1.68460   3.39415   3.05053   1.73290   3.21474   1.89750



   2.46442   2.86764   2.91091   2.80157   2.41022   2.83067   2.91507   2.88570   1.81799   3.46558   3.35324   3.24279   1.28673   3.36045   3.32353   3.23571
   1.81799   3.46558   3.35324   3.24279   1.28673   3.36045   3.32353   3.23571   1.21057   3.49490   3.49211   3.38120   1.35400   2.98346   3.45870   1.68075
   1.81799   3.46558   3.35324   3.24279   1.28673   3.36045   3.32353   3.23571   3.96864   3.09571   3.28962   1.35622   2.90851   2.95200   1.96298   1.50181
   1.71182   2.95681   2.86061   1.31809   3.47951   3.40444   2.88670   1.31245   3.50606   3.41975   2.96960   1.36206   3.25306   2.98404   3.36555   1.50436
   1.81799   3.46558   3.35324   3.24279   1.28673   3.36045   3.32353   3.23571   1.71182   2.95681   2.86061   1.31809   3.47951   3.40444   2.88670   1.31245
   3.96864   3.09571   3.28962   1.35622   2.90851   2.95200   1.96298   1.50181   3.45546   2.96206   3.26742   1.36646   2.86536   2.77909   1.21667   3.64543
   1.71182   2.95681   2.86061   1.31809   3.47951   3.40444   2.88670   1.31245   1.27140   2.64798   1.66675   3.37697   3.04768   1.75934   3.11691   1.56097
   1.27140   2.64798   1.66675   3.37697   3.04768   1.75934   3.11691   1.56097   3.50988   3.03421   1.68457   3.39417   3.05034   1.73492   3.21364   1.91539
   2.71482   1.40509   2.56512   1.41972   2.98944   3.32775   3.42443   3.38693   1.71465   3.00892   3.10124   2.87911   1.53744   2.61185   1.36917   2.99190
   1.71465   3.00892   3.10124   2.87911   1.53744   2.61185   1.36917   2.99190   1.27430   2.96882   3.08614   2.86657   1.50799   2.86439   3.05317   1.96810
   1.71465   3.00892   3.10124   2.87911   1.53744   2.61185   1.36917   2.99190   3.95654   3.09532   3.29217   1.35521   2.89899   2.93880   1.85028   1.53604
   1.73796   2.94779   2.89824   1.38552   3.27808   2.98330   3.18691   1.20864   3.49454   3.40264   2.99217   1.37381   3.26368   2.98951   3.34576   1.49527
   1.71465   3.00892   3.10124   2.87911   1.53744   2.61185   1.36917   2.99190   1.73796   2.94779   2.89824   1.38552   3.27808   2.98330   3.18691   1.20864
   3.95654   3.09532   3.29217   1.35521   2.89899   2.93880   1.85028   1.53604   3.46419   2.96464   3.26936   1.36492   2.86588   2.77928   1.21763   3.64431
   1.73796   2.94779   2.89824   1.38552   3.27808   2.98330   3.18691   1.20864   1.37847   2.60323   1.68279   3.37904   3.05055   1.76463   3.11010   1.56199
   1.37847   2.60323   1.68279   3.37904   3.05055   1.76463   3.11010   1.56199   3.51092   3.03424   1.68455   3.39404   3.05028   1.73494   3.21372   1.91586



   2.46434   2.86762   2.91090   2.80157   2.41022   2.83067   2.91507   2.88570   1.81787   3.46556   3.35322   3.24278   1.28673   3.36044   3.32353   3.23571
   1.81787   3.46556   3.35322   3.24278   1.28673   3.36044   3.32353   3.23571   1.21057   3.49490   3.49211   3.38120   1.35400   2.98346   3.45870   1.68075
   1.81787   3.46556   3.35322   3.24278   1.28673   3.36044   3.32353   3.23571   4.00933   3.09939   3.29044   1.35573   2.90806   2.95174   1.96311   1.50194
   1.71150   2.95687   2.86074   1.31808   3.47947   3.40444   2.88668   1.31245   3.50606   3.41975   2.96960   1.36206   3.25306   2.98404   3.36555   1.50436
   1.81787   3.46556   3.35322   3.24278   1.28673   3.36044   3.32353   3.23571   1.71150   2.95687   2.86074   1.31808   3.47947   3.40444   2.88668   1.31245
   4.00933   3.09939   3.29044   1.35573   2.90806   2.95174   1.96311   1.50194   3.45550   2.96207   3.26742   1.36646   2.86536   2.77909   1.21668   3.64542
   1.71150   2.95687   2.86074   1.31808   3.47947   3.40444   2.88668   1.31245   1.05182   2.84996   1.64259   3.37630   3.04791   1.75965   3.11679   1.56107
   1.05182   2.84996   1.64259   3.37630   3.04791   1.75965   3.11679   1.56107   3.50990   3.03421   1.68457   3.39417   3.05035   1.73498   3.21368   1.91585
   2.91716   1.37022   2.56210   1.41879   2.98907   3.32754   3.42431   3.38692   1.69046   3.00675   3.10141   2.87890   1.53784   2.61186   1.36922   2.99191
   1.69046   3.00675   3.10141   2.87890   1.53784   2.61186   1.36922   2.99191   1.27430   2.96882   3.08614   2.86657   1.50799   2.86435   3.05302   1.96792
   1.69046   3.00675   3.10141   2.87890   1.53784   2.61186   1.36922   2.99191   3.99236   3.09828   3.29274   1.35483   2.89864   2.93865   1.85052   1.53607
   1.73837   2.94808   2.89812   1.38575   3.27807   2.98332   3.18691   1.20864   3.49454   3.40264   2.99217   1.37381   3.26368   2.98951   3.34576   1.49530
   1.69046   3.00675   3.10141   2.87890   1.53784   2.61186   1.36922   2.99191   1.73837   2.94808   2.89812   1.38575   3.27807   2.98332   3.18691   1.20864
   3.99236   3.09828   3.29274   1.35483   2.89864   2.93865   1.85052   1.53607   3.46421   2.96464   3.26936   1.36492   2.86588   2.77928   1.21763   3.64431
   1.73837   2.94808   2.89812   1.38575   3.27807   2.98332   3.18691   1.20864   1.14738   2.73604   1.64993   3.37729   3.05066   1.76487   3.11003   1.56206
   1.14738   2.73604   1.64993   3.37729   3.05066   1.76487   3.11003   1.56206   3.51094   3.03424   1.68455   3.39404   3.05028   1.73495   3.21375   1.91591



   2.46426   2.86760   2.91090   2.80157   2.41022   2.83067   2.91507   2.88570   1.81767   3.46553   3.35320   3.24278   1.28673   3.36044   3.32353   3.23571
   1.81767   3.46553   3.35320   3.24278   1.28673   3.36044   3.32353   3.23571   1.21057   3.49490   3.49211   3.38120   1.35400   2.98346   3.45870   1.68075
   1.81767   3.46553   3.35320   3.24278   1.28673   3.36044   3.32353   3.23571   4.03421   3.10213   3.29141   1.35509   2.90753   2.95141   1.96304   1.50210
   1.71141   2.95705   2.86091   1.31806   3.47943   3.40444   2.88665   1.31246   3.50606   3.41975   2.96960   1.36206   3.25306   2.98404   3.36555   1.50436
   1.81767   3.46553   3.35320   3.24278   1.28673   3.36044   3.32353   3.23571   1.71141   2.95705   2.86091   1.31806   3.47943   3.40444   2.88665   1.31246
   4.03421   3.10213   3.29141   1.35509   2.90753   2.95141   1.96304   1.50210   3.45553   2.96208   3.26742   1.36646   2.86536   2.77909   1.21668   3.64542
   1.71141   2.95705   2.86091   1.31806   3.47943   3.40444   2.88665   1.31246   2.60354   3.08759   1.63816   3.37702   3.04826   1.75984   3.11658   1.56118
   2.60354   3.08759   1.63816   3.37702   3.04826   1.75984   3.11658   1.56118   3.50992   3.03421   1.68457   3.39417   3.05035   1.73498   3.21368   1.91585
   3.15655   1.36515   2.56200   1.41742   2.98855   3.32723   3.42416   3.38690   1.68754   3.00768   3.10210   2.87865   1.53823   2.61183   1.36927   2.99192
   1.68754   3.00768   3.10210   2.87865   1.53823   2.61183   1.36927   2.99192   1.27430   2.96882   3.08614   2.86657   1.50799   2.86435   3.05302   1.96794
   1.68754   3.00768   3.10210   2.87865   1.53823   2.61183   1.36927   2.99192   4.02291   3.10122   3.29350   1.35435   2.89823   2.93844   1.85069   1.53613
   1.73951   2.94842   2.89790   1.38598   3.27804   2.98333   3.18690   1.20864   3.49454   3.40264   2.99217   1.37381   3.26368   2.98951   3.34576   1.49530
   1.68754   3.00768   3.10210   2.87865   1.53823   2.61183   1.36927   2.99192   1.73951   2.94842   2.89790   1.38598   3.27804   2.98333   3.18690   1.20864
   4.02291   3.10122   3.29350   1.35435   2.89823   2.93844   1.85069   1.53613   3.46423   2.96465   3.26936   1.36492   2.86588   2.77928   1.21763   3.64431
   1.73951   2.94842   2.89790   1.38598   3.27804   2.98333   3.18690   1.20864   1.26173   2.95487   1.63990   3.37744   3.05090   1.76507   3.10990   1.56214
   1.26173   2.95487   1.63990   3.37744   3.05090   1.76507   3.10990   1.56214   3.51096   3.03424   1.68456   3.39404   3.05028   1.73495   3.21375   1.91591



   2.46418   2.86759   2.91090   2.80158   2.41022   2.83067   2.91507   2.88570   1.81739   3.46551   3.35319   3.24278   1.28672   3.36044   3.32353   3.23571
   1.81739   3.46551   3.35319   3.24278   1.28672   3.36044   3.32353   3.23571   1.21057   3.49490   3.49211   3.38120   1.35400   2.98346   3.45870   1.68075
   1.81739   3.46551   3.35319   3.24278   1.28672   3.36044   3.32353   3.23571   4.04525   3.10413   3.29253   1.35425   2.90692   2.95103   1.96276   1.50228
   1.71158   2.95733   2.86113   1.31803   3.47939   3.40443   2.88662   1.31247   3.50606   3.41975   2.96960   1.36206   3.25306   2.98404   3.36555   1.50436
   1.81739   3.46551   3.35319   3.24278   1.28672   3.36044   3.32353   3.23571   1.71158   2.95733   2.86113   1.31803   3.47939   3.40443   2.88662   1.31247
   4.04525   3.10413   3.29253   1.35425   2.90692   2.95103   1.96276   1.50228   3.45556   2.96208   3.26742   1.36646   2.86536   2.77909   1.21668   3.64542
   1.71158   2.95733   2.86113   1.31803   3.47939   3.40443   2.88662   1.31247   3.74495   3.17079   1.63647   3.37836   3.04869   1.75975   3.11629   1.56129
   3.74495   3.17079   1.63647   3.37836   3.04869   1.75975   3.11629   1.56129   3.50993   3.03421   1.68458   3.39417   3.05035   1.73498   3.21368   1.91585
   3.24025   1.36463   2.56280   1.41546   2.98785   3.32681   3.42399   3.38689   1.68783   3.00959   3.10322   2.87836   1.53855   2.61175   1.36932   2.99192
   1.68783   3.00959   3.10322   2.87836   1.53855   2.61175   1.36932   2.99192   1.27430   2.96882   3.08614   2.86657   1.50799   2.86435   3.05302   1.96794
   1.68783   3.00959   3.10322   2.87836   1.53855   2.61175   1.36932   2.99192   4.03888   3.10325   3.29435   1.35374   2.89775   2.93819   1.85076   1.53621
   1.74091   2.94870   2.89758   1.38619   3.27799   2.98333   3.18688   1.20865   3.49454   3.40264   2.99217   1.37381   3.26368   2.98951   3.34576   1.49530
   1.68783   3.00959   3.10322   2.87836   1.53855   2.61175   1.36932   2.99192   1.74091   2.94870   2.89758   1.38619   3.27799   2.98333   3.18688   1.20865
   4.03888   3.10325   3.29435   1.35374   2.89775   2.93819   1.85076   1.53621   3.46426   2.96465   3.26936   1.36492   2.86588   2.77928   1.21763   3.64431
   1.74091   2.94870   2.89758   1.38619   3.27799   2.98333   3.18688   1.20865   3.04962   3.11689   1.63703   3.37822   3.05122   1.76514   3.10970   1.56224
   3.04962   3.11689   1.63703   3.37822   3.05122   1.76514   3.10970   1.56224   3.51097   3.03424   1.68456   3.39404   3.05028   1.73495   3.21375   1.91591



   2.46410   2.86759   2.91091   2.80158   2.41022   2.83067   2.91507   2.88570   1.81705   3.46549   3.35318   3.24278   1.28672   3.36044   3.32353   3.23571
   1.81705   3.46549   3.35318   3.24278   1.28672   3.36044   3.32353   3.23571   1.21057   3.49490   3.49211   3.38120   1.35400   2.98346   3.45870   1.68075
   1.81705   3.46549   3.35318   3.24278   1.28672   3.36044   3.32353   3.23571   4.05091   3.10588   3.29388   1.35317   2.90625   2.95065   1.96229   1.50246
   1.71202   2.95772   2.86138   1.31799   3.47937   3.40442   2.88659   1.31247   3.50606   3.41975   2.96960   1.36206   3.25306   2.98404   3.36555   1.50436
   1.81705   3.46549   3.35318   3.24278   1.28672   3.36044   3.32353   3.23571   1.71202   2.95772   2.86138   1.31799   3.47937   3.40442   2.88659   1.31247
   4.05091   3.10588   3.29388   1.35317   2.90625   2.95065   1.96229   1.50246   3.45559   2.96208   3.26742   1.36646   2.86536   2.77909   1.21668   3.64542
   1.71202   2.95772   2.86138   1.31799   3.47937   3.40442   2.88659   1.31247   4.07496   3.19745   1.63641   3.38028   3.04925   1.75924   3.11593   1.56138
   4.07496   3.19745   1.63641   3.38028   3.04925   1.75924   3.11593   1.56138   3.50993   3.03421   1.68458   3.39417   3.05035   1.73498   3.21368   1.91585
   3.26670   1.36675   2.56435   1.41272   2.98699   3.32631   3.42383   3.38687   1.68930   3.01219   3.10488   2.87807   1.53873   2.61162   1.36936   2.99192
   1.68930   3.01219   3.10488   2.87807   1.53873   2.61162   1.36936   2.99192   1.27430   2.96882   3.08614   2.86657   1.50799   2.86435   3.05302   1.96794
   1.68930   3.01219   3.10488   2.87807   1.53873   2.61162   1.36936   2.99192   4.04687   3.10487   3.29534   1.35298   2.89721   2.93792   1.85072   1.53631
   1.74177   2.94886   2.89716   1.38634   3.27793   2.98332   3.18686   1.20865   3.49454   3.40264   2.99217   1.37381   3.26368   2.98951   3.34576   1.49530
   1.68930   3.01219   3.10488   2.87807   1.53873   2.61162   1.36936   2.99192   1.74177   2.94886   2.89716   1.38634   3.27793   2.98332   3.18686   1.20865
   4.04687   3.10487   3.29534   1.35298   2.89721   2.93792   1.85072   1.53631   3.46428   2.96465   3.26936   1.36492   2.86588   2.77928   1.21763   3.64431
   1.74177   2.94886   2.89716   1.38634   3.27793   2.98332   3.18686   1.20865   3.79787   3.17417   1.63565   3.37948   3.05161   1.76496   3.10944   1.56233
   3.79787   3.17417   1.63565   3.37948   3.05161   1.76496   3.10944   1.56233   3.51098   3.03424   1.68456   3.39404   3.05028   1.73495   3.21375   1.91591



   2.46405   2.86759   2.91092   2.80158   2.41022   2.83067   2.91507   2.88570   1.81668   3.46549   3.35318   3.24278   1.28672   3.36044   3.32353   3.23571
   1.81668   3.46549   3.35318   3.24278   1.28672   3.36044   3.32353   3.23571   1.21057   3.49490   3.49211   3.38120   1.35400   2.98346   3.45870   1.68075
   1.81668   3.46549   3.35318   3.24278   1.28672   3.36044   3.32353   3.23571   4.05308   3.10751   3.29550   1.35183   2.90558   2.95032   1.96170   1.50262
   1.71278   2.95821   2.86166   1.31794   3.47936   3.40441   2.88656   1.31248   3.50606   3.41975   2.96960   1.36206   3.25306   2.98404   3.36555   1.50436
   1.81668   3.46549   3.35318   3.24278   1.28672   3.36044   3.32353   3.23571   1.71278   2.95821   2.86166   1.31794   3.47936   3.40441   2.88656   1.31248
   4.05308   3.10751   3.29550   1.35183   2.90558   2.95032   1.96170   1.50262   3.45560   2.96208   3.26742   1.36646   2.86536   2.77909   1.21668   3.64542
   1.71278   2.95821   2.86166   1.31794   3.47936   3.40441   2.88656   1.31248   4.20446   3.20408   1.63692   3.38279   3.05007   1.75820   3.11553   1.56143
   4.20446   3.20408   1.63692   3.38279   3.05007   1.75820   3.11553   1.56143   3.50992   3.03420   1.68458   3.39417   3.05035   1.73498   3.21368   1.91585
   3.27258   1.37072   2.56663   1.40895   2.98599   3.32579   3.42369   3.38686   1.68948   3.01539   3.10737   2.87785   1.53871   2.61147   1.36937   2.99191
   1.68948   3.01539   3.10737   2.87785   1.53871   2.61147   1.36937   2.99191   1.27431   2.96882   3.08614   2.86657   1.50799   2.86435   3.05302   1.96794
   1.68948   3.01539   3.10737   2.87785   1.53871   2.61147   1.36937   2.99191   4.05113   3.10632   3.29652   1.35203   2.89663   2.93765   1.85057   1.53642
   1.74109   2.94889   2.89670   1.38638   3.27785   2.98330   3.18683   1.20866   3.49454   3.40264   2.99217   1.37381   3.26368   2.98951   3.34576   1.49530
   1.68948   3.01539   3.10737   2.87785   1.53871   2.61147   1.36937   2.99191   1.74109   2.94889   2.89670   1.38638   3.27785   2.98330   3.18683   1.20866
   4.05113   3.10632   3.29652   1.35203   2.89663   2.93765   1.85057   1.53642   3.46430   2.96466   3.26936   1.36492   2.86588   2.77928   1.21763   3.64431
   1.74109   2.94889   2.89670   1.38638   3.27785   2.98330   3.18683   1.20866   4.06683   3.19625   1.63541   3.38120   3.05213   1.76445   3.10913   1.56240
   4.06683   3.19625   1.63541   3.38120   3.05213   1.76445   3.10913   1.56240   3.51098   3.03424   1.68456   3.39404   3.05028   1.73495   3.21375   1.91591



   2.46402   2.86761   2.91093   2.80159   2.41022   2.83067   2.91507   2.88570   1.81633   3.46550   3.35319   3.24279   1.28671   3.36044   3.32353   3.23571
   1.81633   3.46550   3.35319   3.24279   1.28671   3.36044   3.32353   3.23571   1.21057   3.49490   3.49211   3.38120   1.35400   2.98346   3.45870   1.68075
   1.81633   3.46550   3.35319   3.24279   1.28671   3.36044   3.32353   3.23571   4.05212   3.10904   3.29750   1.35028   2.90499   2.95008   1.96104   1.50274
   1.71392   2.95879   2.86194   1.31788   3.47937   3.40440   2.88654   1.31248   3.50606   3.41975   2.96960   1.36206   3.25306   2.98404   3.36555   1.50436
   1.81633   3.46550   3.35319   3.24279   1.28671   3.36044   3.32353   3.23571   1.71392   2.95879   2.86194   1.31788   3.47937   3.40440   2.88654   1.31248
   4.05212   3.10904   3.29750   1.35028   2.90499   2.95008   1.96104   1.50274   3.45561   2.96208   3.26742   1.36646   2.86536   2.77909   1.21668   3.64542
   1.71392   2.95879   2.86194   1.31788   3.47937   3.40440   2.88654   1.31248   4.25648   3.19962   1.63678   3.38607   3.05128   1.75669   3.11517   1.56143
   4.25648   3.19962   1.63678   3.38607   3.05128   1.75669   3.11517   1.56143   3.50990   3.03420   1.68458   3.39417   3.05035   1.73498   3.21368   1.91585
   3.26715   1.37577   2.56997   1.40395   2.98496   3.32532   3.42362   3.38685   1.68569   3.01954   3.11109   2.87783   1.53844   2.61130   1.36936   2.99190
   1.68569   3.01954   3.11109   2.87783   1.53844   2.61130   1.36936   2.99190   1.27431   2.96882   3.08614   2.86657   1.50799   2.86435   3.05302   1.96794
   1.68569   3.01954   3.11109   2.87783   1.53844   2.61130   1.36936   2.99190   4.05278   3.10766   3.29792   1.35089   2.89606   2.93741   1.85033   1.53653
   1.73804   2.94893   2.89631   1.38629   3.27777   2.98327   3.18680   1.20866   3.49454   3.40264   2.99217   1.37381   3.26368   2.98951   3.34576   1.49530
   1.68569   3.01954   3.11109   2.87783   1.53844   2.61130   1.36936   2.99190   1.73804   2.94893   2.89631   1.38629   3.27777   2.98327   3.18680   1.20866
   4.05278   3.10766   3.29792   1.35089   2.89606   2.93741   1.85033   1.53653   3.46431   2.96466   3.26936   1.36492   2.86588   2.77928   1.21763   3.64431
   1.73804   2.94893   2.89631   1.38629   3.27777   2.98327   3.18680   1.20866   4.18766   3.20330   1.63568   3.38340   3.05283   1.76357   3.10880   1.56244
   4.18766   3.20330   1.63568   3.38340   3.05283   1.76357   3.10880   1.56244   3.51097   3.03424   1.68456   3.39404   3.05028   1.73495   3.21375   1.91591



